<?xml version="1.0" encoding="UTF-8"?>
<testng-results ignored="10" total="48" passed="34" failed="4" skipped="0">
  <reporter-output>
  </reporter-output>
  <suite started-at="2024-12-30T02:29:51 IST" name="Suite" finished-at="2024-12-30T02:43:01 IST" duration-ms="789953">
    <groups>
    </groups>
    <test started-at="2024-12-30T02:29:51 IST" name="Test" finished-at="2024-12-30T02:43:01 IST" duration-ms="789953">
      <class name="test.TC_006_ChangePassTest">
        <test-method is-config="true" signature="setup()[pri:0, instance:test.TC_006_ChangePassTest@742ff096]" started-at="2024-12-30T02:29:51 IST" name="setup" finished-at="2024-12-30T02:29:51 IST" duration-ms="0" status="PASS">
          <reporter-output>
          </reporter-output>
        </test-method> <!-- setup -->
        <test-method is-config="true" signature="testDetails()[pri:0, instance:test.TC_006_ChangePassTest@742ff096]" started-at="2024-12-30T02:42:20 IST" name="testDetails" finished-at="2024-12-30T02:42:20 IST" duration-ms="0" status="PASS">
          <reporter-output>
          </reporter-output>
        </test-method> <!-- testDetails -->
        <test-method is-config="true" signature="launchAndLoadURL(java.lang.String,java.lang.String)[pri:0, instance:test.TC_006_ChangePassTest@742ff096]" started-at="2024-12-30T02:42:20 IST" name="launchAndLoadURL" finished-at="2024-12-30T02:42:26 IST" duration-ms="5995" status="PASS">
          <params>
            <param index="0">
              <value>
                <![CDATA[https://adactinhotelapp.com/HotelAppBuild2/index.php]]>
              </value>
            </param>
            <param index="1">
              <value>
                <![CDATA[Chrome]]>
              </value>
            </param>
          </params>
          <reporter-output>
          </reporter-output>
        </test-method> <!-- launchAndLoadURL -->
        <test-method signature="ChangePassTest(java.lang.String,java.lang.String,java.lang.String,java.lang.String,java.lang.String,java.lang.String,java.lang.String)[pri:0, instance:test.TC_006_ChangePassTest@742ff096]" started-at="2024-12-30T02:42:26 IST" name="ChangePassTest" data-provider="excelRead" finished-at="2024-12-30T02:42:34 IST" duration-ms="7891" status="PASS">
          <params>
            <param index="0">
              <value>
                <![CDATA[EzhilParivallal]]>
              </value>
            </param>
            <param index="1">
              <value>
                <![CDATA[Eli@1793]]>
              </value>
            </param>
            <param index="2">
              <value>
                <![CDATA[Eli@1793]]>
              </value>
            </param>
            <param index="3">
              <value>
                <![CDATA[Eli@123]]>
              </value>
            </param>
            <param index="4">
              <value>
                <![CDATA[Eli@123]]>
              </value>
            </param>
            <param index="5">
              <value>
                <![CDATA[positive]]>
              </value>
            </param>
            <param index="6">
              <value>
                <![CDATA[ ]]>
              </value>
            </param>
          </params>
          <reporter-output>
          </reporter-output>
        </test-method> <!-- ChangePassTest -->
        <test-method is-config="true" signature="browserClose()[pri:0, instance:test.TC_006_ChangePassTest@742ff096]" started-at="2024-12-30T02:42:34 IST" name="browserClose" finished-at="2024-12-30T02:42:34 IST" duration-ms="235" status="PASS">
          <reporter-output>
          </reporter-output>
        </test-method> <!-- browserClose -->
        <test-method is-config="true" signature="launchAndLoadURL(java.lang.String,java.lang.String)[pri:0, instance:test.TC_006_ChangePassTest@742ff096]" started-at="2024-12-30T02:42:34 IST" name="launchAndLoadURL" finished-at="2024-12-30T02:42:41 IST" duration-ms="6102" status="PASS">
          <params>
            <param index="0">
              <value>
                <![CDATA[https://adactinhotelapp.com/HotelAppBuild2/index.php]]>
              </value>
            </param>
            <param index="1">
              <value>
                <![CDATA[Chrome]]>
              </value>
            </param>
          </params>
          <reporter-output>
          </reporter-output>
        </test-method> <!-- launchAndLoadURL -->
        <test-method signature="ChangePassTest(java.lang.String,java.lang.String,java.lang.String,java.lang.String,java.lang.String,java.lang.String,java.lang.String)[pri:0, instance:test.TC_006_ChangePassTest@742ff096]" started-at="2024-12-30T02:42:41 IST" name="ChangePassTest" data-provider="excelRead" finished-at="2024-12-30T02:42:48 IST" duration-ms="7777" status="PASS">
          <params>
            <param index="0">
              <value>
                <![CDATA[EzhilParivallal]]>
              </value>
            </param>
            <param index="1">
              <value>
                <![CDATA[Eli@123]]>
              </value>
            </param>
            <param index="2">
              <value>
                <![CDATA[Eli@179]]>
              </value>
            </param>
            <param index="3">
              <value>
                <![CDATA[Eli@123]]>
              </value>
            </param>
            <param index="4">
              <value>
                <![CDATA[Eli@123]]>
              </value>
            </param>
            <param index="5">
              <value>
                <![CDATA[negative]]>
              </value>
            </param>
            <param index="6">
              <value>
                <![CDATA[Please enter correct current password!!!]]>
              </value>
            </param>
          </params>
          <reporter-output>
          </reporter-output>
        </test-method> <!-- ChangePassTest -->
        <test-method is-config="true" signature="browserClose()[pri:0, instance:test.TC_006_ChangePassTest@742ff096]" started-at="2024-12-30T02:42:48 IST" name="browserClose" finished-at="2024-12-30T02:42:49 IST" duration-ms="197" status="PASS">
          <reporter-output>
          </reporter-output>
        </test-method> <!-- browserClose -->
        <test-method is-config="true" signature="launchAndLoadURL(java.lang.String,java.lang.String)[pri:0, instance:test.TC_006_ChangePassTest@742ff096]" started-at="2024-12-30T02:42:49 IST" name="launchAndLoadURL" finished-at="2024-12-30T02:42:54 IST" duration-ms="5607" status="PASS">
          <params>
            <param index="0">
              <value>
                <![CDATA[https://adactinhotelapp.com/HotelAppBuild2/index.php]]>
              </value>
            </param>
            <param index="1">
              <value>
                <![CDATA[Chrome]]>
              </value>
            </param>
          </params>
          <reporter-output>
          </reporter-output>
        </test-method> <!-- launchAndLoadURL -->
        <test-method signature="ChangePassTest(java.lang.String,java.lang.String,java.lang.String,java.lang.String,java.lang.String,java.lang.String,java.lang.String)[pri:0, instance:test.TC_006_ChangePassTest@742ff096]" started-at="2024-12-30T02:42:54 IST" name="ChangePassTest" data-provider="excelRead" finished-at="2024-12-30T02:43:01 IST" duration-ms="6757" status="PASS">
          <params>
            <param index="0">
              <value>
                <![CDATA[EzhilParivallal]]>
              </value>
            </param>
            <param index="1">
              <value>
                <![CDATA[Eli@123]]>
              </value>
            </param>
            <param index="2">
              <value>
                <![CDATA[Eli@123]]>
              </value>
            </param>
            <param index="3">
              <value>
                <![CDATA[Eli@1793]]>
              </value>
            </param>
            <param index="4">
              <value>
                <![CDATA[Eli@1234]]>
              </value>
            </param>
            <param index="5">
              <value>
                <![CDATA[negative]]>
              </value>
            </param>
            <param index="6">
              <value>
                <![CDATA[Your new password and confirmation password do not match.]]>
              </value>
            </param>
          </params>
          <reporter-output>
          </reporter-output>
        </test-method> <!-- ChangePassTest -->
        <test-method is-config="true" signature="browserClose()[pri:0, instance:test.TC_006_ChangePassTest@742ff096]" started-at="2024-12-30T02:43:01 IST" name="browserClose" finished-at="2024-12-30T02:43:01 IST" duration-ms="180" status="PASS">
          <reporter-output>
          </reporter-output>
        </test-method> <!-- browserClose -->
      </class> <!-- test.TC_006_ChangePassTest -->
      <class name="test.TC_002_LoginTest">
        <test-method is-config="true" signature="setup()[pri:0, instance:test.TC_002_LoginTest@cb0755b]" started-at="2024-12-30T02:29:51 IST" name="setup" finished-at="2024-12-30T02:29:51 IST" duration-ms="0" status="PASS">
          <reporter-output>
          </reporter-output>
        </test-method> <!-- setup -->
        <test-method is-config="true" signature="testDetails()[pri:0, instance:test.TC_002_LoginTest@cb0755b]" started-at="2024-12-30T02:34:39 IST" name="testDetails" finished-at="2024-12-30T02:34:39 IST" duration-ms="0" status="PASS">
          <reporter-output>
          </reporter-output>
        </test-method> <!-- testDetails -->
        <test-method is-config="true" signature="launchAndLoadURL(java.lang.String,java.lang.String)[pri:0, instance:test.TC_002_LoginTest@cb0755b]" started-at="2024-12-30T02:34:39 IST" name="launchAndLoadURL" finished-at="2024-12-30T02:34:45 IST" duration-ms="5827" status="PASS">
          <params>
            <param index="0">
              <value>
                <![CDATA[https://adactinhotelapp.com/HotelAppBuild2/index.php]]>
              </value>
            </param>
            <param index="1">
              <value>
                <![CDATA[Chrome]]>
              </value>
            </param>
          </params>
          <reporter-output>
          </reporter-output>
        </test-method> <!-- launchAndLoadURL -->
        <test-method signature="LoginTest(java.lang.String,java.lang.String,java.lang.String,java.lang.String)[pri:0, instance:test.TC_002_LoginTest@cb0755b]" started-at="2024-12-30T02:34:45 IST" name="LoginTest" data-provider="excelRead" finished-at="2024-12-30T02:34:47 IST" duration-ms="2413" status="PASS">
          <params>
            <param index="0">
              <value>
                <![CDATA[EzhilParivallal]]>
              </value>
            </param>
            <param index="1">
              <value>
                <![CDATA[Eli@1793]]>
              </value>
            </param>
            <param index="2">
              <value>
                <![CDATA[positive]]>
              </value>
            </param>
            <param index="3">
              <value>
                <![CDATA[ ]]>
              </value>
            </param>
          </params>
          <reporter-output>
          </reporter-output>
        </test-method> <!-- LoginTest -->
        <test-method is-config="true" signature="browserClose()[pri:0, instance:test.TC_002_LoginTest@cb0755b]" started-at="2024-12-30T02:34:47 IST" name="browserClose" finished-at="2024-12-30T02:34:48 IST" duration-ms="168" status="PASS">
          <reporter-output>
          </reporter-output>
        </test-method> <!-- browserClose -->
        <test-method is-config="true" signature="launchAndLoadURL(java.lang.String,java.lang.String)[pri:0, instance:test.TC_002_LoginTest@cb0755b]" started-at="2024-12-30T02:34:48 IST" name="launchAndLoadURL" finished-at="2024-12-30T02:34:54 IST" duration-ms="6115" status="PASS">
          <params>
            <param index="0">
              <value>
                <![CDATA[https://adactinhotelapp.com/HotelAppBuild2/index.php]]>
              </value>
            </param>
            <param index="1">
              <value>
                <![CDATA[Chrome]]>
              </value>
            </param>
          </params>
          <reporter-output>
          </reporter-output>
        </test-method> <!-- launchAndLoadURL -->
        <test-method signature="LoginTest(java.lang.String,java.lang.String,java.lang.String,java.lang.String)[pri:0, instance:test.TC_002_LoginTest@cb0755b]" started-at="2024-12-30T02:34:54 IST" name="LoginTest" data-provider="excelRead" finished-at="2024-12-30T02:34:55 IST" duration-ms="1613" status="PASS">
          <params>
            <param index="0">
              <value>
                <![CDATA[EzhilParivall]]>
              </value>
            </param>
            <param index="1">
              <value>
                <![CDATA[Eli@1793]]>
              </value>
            </param>
            <param index="2">
              <value>
                <![CDATA[negative_login]]>
              </value>
            </param>
            <param index="3">
              <value>
                <![CDATA[Invalid Login details or Your Password might have expired. ]]>
              </value>
            </param>
          </params>
          <reporter-output>
          </reporter-output>
        </test-method> <!-- LoginTest -->
        <test-method is-config="true" signature="browserClose()[pri:0, instance:test.TC_002_LoginTest@cb0755b]" started-at="2024-12-30T02:34:55 IST" name="browserClose" finished-at="2024-12-30T02:34:56 IST" duration-ms="124" status="PASS">
          <reporter-output>
          </reporter-output>
        </test-method> <!-- browserClose -->
        <test-method is-config="true" signature="launchAndLoadURL(java.lang.String,java.lang.String)[pri:0, instance:test.TC_002_LoginTest@cb0755b]" started-at="2024-12-30T02:34:56 IST" name="launchAndLoadURL" finished-at="2024-12-30T02:35:01 IST" duration-ms="5642" status="PASS">
          <params>
            <param index="0">
              <value>
                <![CDATA[https://adactinhotelapp.com/HotelAppBuild2/index.php]]>
              </value>
            </param>
            <param index="1">
              <value>
                <![CDATA[Chrome]]>
              </value>
            </param>
          </params>
          <reporter-output>
          </reporter-output>
        </test-method> <!-- launchAndLoadURL -->
        <test-method signature="LoginTest(java.lang.String,java.lang.String,java.lang.String,java.lang.String)[pri:0, instance:test.TC_002_LoginTest@cb0755b]" started-at="2024-12-30T02:35:01 IST" name="LoginTest" data-provider="excelRead" finished-at="2024-12-30T02:35:01 IST" duration-ms="309" status="PASS">
          <params>
            <param index="0">
              <value>
                <![CDATA[  ]]>
              </value>
            </param>
            <param index="1">
              <value>
                <![CDATA[Eli@1793]]>
              </value>
            </param>
            <param index="2">
              <value>
                <![CDATA[negative_login]]>
              </value>
            </param>
            <param index="3">
              <value>
                <![CDATA[Enter Username]]>
              </value>
            </param>
          </params>
          <reporter-output>
          </reporter-output>
        </test-method> <!-- LoginTest -->
        <test-method is-config="true" signature="browserClose()[pri:0, instance:test.TC_002_LoginTest@cb0755b]" started-at="2024-12-30T02:35:01 IST" name="browserClose" finished-at="2024-12-30T02:35:02 IST" duration-ms="165" status="PASS">
          <reporter-output>
          </reporter-output>
        </test-method> <!-- browserClose -->
        <test-method is-config="true" signature="launchAndLoadURL(java.lang.String,java.lang.String)[pri:0, instance:test.TC_002_LoginTest@cb0755b]" started-at="2024-12-30T02:35:02 IST" name="launchAndLoadURL" finished-at="2024-12-30T02:35:07 IST" duration-ms="5661" status="PASS">
          <params>
            <param index="0">
              <value>
                <![CDATA[https://adactinhotelapp.com/HotelAppBuild2/index.php]]>
              </value>
            </param>
            <param index="1">
              <value>
                <![CDATA[Chrome]]>
              </value>
            </param>
          </params>
          <reporter-output>
          </reporter-output>
        </test-method> <!-- launchAndLoadURL -->
        <test-method signature="LoginTest(java.lang.String,java.lang.String,java.lang.String,java.lang.String)[pri:0, instance:test.TC_002_LoginTest@cb0755b]" started-at="2024-12-30T02:35:07 IST" name="LoginTest" data-provider="excelRead" finished-at="2024-12-30T02:35:08 IST" duration-ms="1176" status="PASS">
          <params>
            <param index="0">
              <value>
                <![CDATA[EzhilParivallal]]>
              </value>
            </param>
            <param index="1">
              <value>
                <![CDATA[Eli@179]]>
              </value>
            </param>
            <param index="2">
              <value>
                <![CDATA[negative_login]]>
              </value>
            </param>
            <param index="3">
              <value>
                <![CDATA[Invalid Login details or Your Password might have expired. ]]>
              </value>
            </param>
          </params>
          <reporter-output>
          </reporter-output>
        </test-method> <!-- LoginTest -->
        <test-method is-config="true" signature="browserClose()[pri:0, instance:test.TC_002_LoginTest@cb0755b]" started-at="2024-12-30T02:35:08 IST" name="browserClose" finished-at="2024-12-30T02:35:09 IST" duration-ms="153" status="PASS">
          <reporter-output>
          </reporter-output>
        </test-method> <!-- browserClose -->
        <test-method is-config="true" signature="launchAndLoadURL(java.lang.String,java.lang.String)[pri:0, instance:test.TC_002_LoginTest@cb0755b]" started-at="2024-12-30T02:35:09 IST" name="launchAndLoadURL" finished-at="2024-12-30T02:35:15 IST" duration-ms="5935" status="PASS">
          <params>
            <param index="0">
              <value>
                <![CDATA[https://adactinhotelapp.com/HotelAppBuild2/index.php]]>
              </value>
            </param>
            <param index="1">
              <value>
                <![CDATA[Chrome]]>
              </value>
            </param>
          </params>
          <reporter-output>
          </reporter-output>
        </test-method> <!-- launchAndLoadURL -->
        <test-method signature="LoginTest(java.lang.String,java.lang.String,java.lang.String,java.lang.String)[pri:0, instance:test.TC_002_LoginTest@cb0755b]" started-at="2024-12-30T02:35:15 IST" name="LoginTest" data-provider="excelRead" finished-at="2024-12-30T02:35:15 IST" duration-ms="311" status="PASS">
          <params>
            <param index="0">
              <value>
                <![CDATA[EzhilParivallal]]>
              </value>
            </param>
            <param index="1">
              <value>
                <![CDATA[  ]]>
              </value>
            </param>
            <param index="2">
              <value>
                <![CDATA[negative_login]]>
              </value>
            </param>
            <param index="3">
              <value>
                <![CDATA[Enter Password]]>
              </value>
            </param>
          </params>
          <reporter-output>
          </reporter-output>
        </test-method> <!-- LoginTest -->
        <test-method is-config="true" signature="browserClose()[pri:0, instance:test.TC_002_LoginTest@cb0755b]" started-at="2024-12-30T02:35:15 IST" name="browserClose" finished-at="2024-12-30T02:35:15 IST" duration-ms="107" status="PASS">
          <reporter-output>
          </reporter-output>
        </test-method> <!-- browserClose -->
      </class> <!-- test.TC_002_LoginTest -->
      <class name="test.TC_004_SearchHotelTest">
        <test-method is-config="true" signature="setup()[pri:0, instance:test.TC_004_SearchHotelTest@712625fd]" started-at="2024-12-30T02:29:51 IST" name="setup" finished-at="2024-12-30T02:29:51 IST" duration-ms="2" status="PASS">
          <reporter-output>
          </reporter-output>
        </test-method> <!-- setup -->
        <test-method is-config="true" signature="testDetails()[pri:0, instance:test.TC_004_SearchHotelTest@712625fd]" started-at="2024-12-30T02:35:25 IST" name="testDetails" finished-at="2024-12-30T02:35:25 IST" duration-ms="1" status="PASS">
          <reporter-output>
          </reporter-output>
        </test-method> <!-- testDetails -->
        <test-method is-config="true" signature="launchAndLoadURL(java.lang.String,java.lang.String)[pri:0, instance:test.TC_004_SearchHotelTest@712625fd]" started-at="2024-12-30T02:35:25 IST" name="launchAndLoadURL" finished-at="2024-12-30T02:35:32 IST" duration-ms="6495" status="PASS">
          <params>
            <param index="0">
              <value>
                <![CDATA[https://adactinhotelapp.com/HotelAppBuild2/index.php]]>
              </value>
            </param>
            <param index="1">
              <value>
                <![CDATA[Chrome]]>
              </value>
            </param>
          </params>
          <reporter-output>
          </reporter-output>
        </test-method> <!-- launchAndLoadURL -->
        <test-method signature="SearchHotelTest(java.lang.String,java.lang.String,java.lang.String,java.lang.String,java.lang.String,java.lang.String,java.lang.String,java.lang.String,java.lang.String,java.lang.String)[pri:0, instance:test.TC_004_SearchHotelTest@712625fd]" started-at="2024-12-30T02:35:32 IST" name="SearchHotelTest" data-provider="excelRead" finished-at="2024-12-30T02:35:44 IST" duration-ms="12678" status="PASS">
          <params>
            <param index="0">
              <value>
                <![CDATA[London]]>
              </value>
            </param>
            <param index="1">
              <value>
                <![CDATA[Hotel Creek]]>
              </value>
            </param>
            <param index="2">
              <value>
                <![CDATA[Standard]]>
              </value>
            </param>
            <param index="3">
              <value>
                <![CDATA[1 - One]]>
              </value>
            </param>
            <param index="4">
              <value>
                <![CDATA[26/12/2025]]>
              </value>
            </param>
            <param index="5">
              <value>
                <![CDATA[27/12/2025]]>
              </value>
            </param>
            <param index="6">
              <value>
                <![CDATA[2 - Two]]>
              </value>
            </param>
            <param index="7">
              <value>
                <![CDATA[1 - One]]>
              </value>
            </param>
            <param index="8">
              <value>
                <![CDATA[positive]]>
              </value>
            </param>
            <param index="9">
              <value>
                <![CDATA[ ]]>
              </value>
            </param>
          </params>
          <reporter-output>
          </reporter-output>
        </test-method> <!-- SearchHotelTest -->
        <test-method is-config="true" signature="browserClose()[pri:0, instance:test.TC_004_SearchHotelTest@712625fd]" started-at="2024-12-30T02:35:44 IST" name="browserClose" finished-at="2024-12-30T02:35:45 IST" duration-ms="218" status="PASS">
          <reporter-output>
          </reporter-output>
        </test-method> <!-- browserClose -->
        <test-method is-config="true" signature="launchAndLoadURL(java.lang.String,java.lang.String)[pri:0, instance:test.TC_004_SearchHotelTest@712625fd]" started-at="2024-12-30T02:35:45 IST" name="launchAndLoadURL" finished-at="2024-12-30T02:35:50 IST" duration-ms="5728" status="PASS">
          <params>
            <param index="0">
              <value>
                <![CDATA[https://adactinhotelapp.com/HotelAppBuild2/index.php]]>
              </value>
            </param>
            <param index="1">
              <value>
                <![CDATA[Chrome]]>
              </value>
            </param>
          </params>
          <reporter-output>
          </reporter-output>
        </test-method> <!-- launchAndLoadURL -->
        <test-method signature="SearchHotelTest(java.lang.String,java.lang.String,java.lang.String,java.lang.String,java.lang.String,java.lang.String,java.lang.String,java.lang.String,java.lang.String,java.lang.String)[pri:0, instance:test.TC_004_SearchHotelTest@712625fd]" started-at="2024-12-30T02:35:50 IST" name="SearchHotelTest" data-provider="excelRead" finished-at="2024-12-30T02:36:01 IST" duration-ms="10307" status="PASS">
          <params>
            <param index="0">
              <value>
                <![CDATA[London]]>
              </value>
            </param>
            <param index="1">
              <value>
                <![CDATA[ ]]>
              </value>
            </param>
            <param index="2">
              <value>
                <![CDATA[ ]]>
              </value>
            </param>
            <param index="3">
              <value>
                <![CDATA[1 - One]]>
              </value>
            </param>
            <param index="4">
              <value>
                <![CDATA[26/12/2025]]>
              </value>
            </param>
            <param index="5">
              <value>
                <![CDATA[27/12/2025]]>
              </value>
            </param>
            <param index="6">
              <value>
                <![CDATA[2 - Two]]>
              </value>
            </param>
            <param index="7">
              <value>
                <![CDATA[ ]]>
              </value>
            </param>
            <param index="8">
              <value>
                <![CDATA[positive]]>
              </value>
            </param>
            <param index="9">
              <value>
                <![CDATA[ ]]>
              </value>
            </param>
          </params>
          <reporter-output>
          </reporter-output>
        </test-method> <!-- SearchHotelTest -->
        <test-method is-config="true" signature="browserClose()[pri:0, instance:test.TC_004_SearchHotelTest@712625fd]" started-at="2024-12-30T02:36:01 IST" name="browserClose" finished-at="2024-12-30T02:36:01 IST" duration-ms="141" status="PASS">
          <reporter-output>
          </reporter-output>
        </test-method> <!-- browserClose -->
        <test-method is-config="true" signature="launchAndLoadURL(java.lang.String,java.lang.String)[pri:0, instance:test.TC_004_SearchHotelTest@712625fd]" started-at="2024-12-30T02:36:01 IST" name="launchAndLoadURL" finished-at="2024-12-30T02:36:07 IST" duration-ms="6303" status="PASS">
          <params>
            <param index="0">
              <value>
                <![CDATA[https://adactinhotelapp.com/HotelAppBuild2/index.php]]>
              </value>
            </param>
            <param index="1">
              <value>
                <![CDATA[Chrome]]>
              </value>
            </param>
          </params>
          <reporter-output>
          </reporter-output>
        </test-method> <!-- launchAndLoadURL -->
        <test-method signature="SearchHotelTest(java.lang.String,java.lang.String,java.lang.String,java.lang.String,java.lang.String,java.lang.String,java.lang.String,java.lang.String,java.lang.String,java.lang.String)[pri:0, instance:test.TC_004_SearchHotelTest@712625fd]" started-at="2024-12-30T02:36:07 IST" name="SearchHotelTest" data-provider="excelRead" finished-at="2024-12-30T02:36:15 IST" duration-ms="7851" status="PASS">
          <params>
            <param index="0">
              <value>
                <![CDATA[ ]]>
              </value>
            </param>
            <param index="1">
              <value>
                <![CDATA[Hotel Creek]]>
              </value>
            </param>
            <param index="2">
              <value>
                <![CDATA[Standard]]>
              </value>
            </param>
            <param index="3">
              <value>
                <![CDATA[1 - One]]>
              </value>
            </param>
            <param index="4">
              <value>
                <![CDATA[26/12/2025]]>
              </value>
            </param>
            <param index="5">
              <value>
                <![CDATA[27/12/2025]]>
              </value>
            </param>
            <param index="6">
              <value>
                <![CDATA[2 - Two]]>
              </value>
            </param>
            <param index="7">
              <value>
                <![CDATA[1 - One]]>
              </value>
            </param>
            <param index="8">
              <value>
                <![CDATA[negative]]>
              </value>
            </param>
            <param index="9">
              <value>
                <![CDATA[Please Select a Location]]>
              </value>
            </param>
          </params>
          <reporter-output>
          </reporter-output>
        </test-method> <!-- SearchHotelTest -->
        <test-method is-config="true" signature="browserClose()[pri:0, instance:test.TC_004_SearchHotelTest@712625fd]" started-at="2024-12-30T02:36:15 IST" name="browserClose" finished-at="2024-12-30T02:36:15 IST" duration-ms="182" status="PASS">
          <reporter-output>
          </reporter-output>
        </test-method> <!-- browserClose -->
        <test-method is-config="true" signature="launchAndLoadURL(java.lang.String,java.lang.String)[pri:0, instance:test.TC_004_SearchHotelTest@712625fd]" started-at="2024-12-30T02:36:15 IST" name="launchAndLoadURL" finished-at="2024-12-30T02:36:21 IST" duration-ms="5747" status="PASS">
          <params>
            <param index="0">
              <value>
                <![CDATA[https://adactinhotelapp.com/HotelAppBuild2/index.php]]>
              </value>
            </param>
            <param index="1">
              <value>
                <![CDATA[Chrome]]>
              </value>
            </param>
          </params>
          <reporter-output>
          </reporter-output>
        </test-method> <!-- launchAndLoadURL -->
        <test-method signature="SearchHotelTest(java.lang.String,java.lang.String,java.lang.String,java.lang.String,java.lang.String,java.lang.String,java.lang.String,java.lang.String,java.lang.String,java.lang.String)[pri:0, instance:test.TC_004_SearchHotelTest@712625fd]" started-at="2024-12-30T02:36:21 IST" name="SearchHotelTest" data-provider="excelRead" finished-at="2024-12-30T02:36:30 IST" duration-ms="9130" status="PASS">
          <params>
            <param index="0">
              <value>
                <![CDATA[London]]>
              </value>
            </param>
            <param index="1">
              <value>
                <![CDATA[Hotel Creek]]>
              </value>
            </param>
            <param index="2">
              <value>
                <![CDATA[Standard]]>
              </value>
            </param>
            <param index="3">
              <value>
                <![CDATA[ ]]>
              </value>
            </param>
            <param index="4">
              <value>
                <![CDATA[26/12/2025]]>
              </value>
            </param>
            <param index="5">
              <value>
                <![CDATA[27/12/2025]]>
              </value>
            </param>
            <param index="6">
              <value>
                <![CDATA[2 - Two]]>
              </value>
            </param>
            <param index="7">
              <value>
                <![CDATA[1 - One]]>
              </value>
            </param>
            <param index="8">
              <value>
                <![CDATA[negative]]>
              </value>
            </param>
            <param index="9">
              <value>
                <![CDATA[Please Select Total Number of Rooms]]>
              </value>
            </param>
          </params>
          <reporter-output>
          </reporter-output>
        </test-method> <!-- SearchHotelTest -->
        <test-method is-config="true" signature="browserClose()[pri:0, instance:test.TC_004_SearchHotelTest@712625fd]" started-at="2024-12-30T02:36:30 IST" name="browserClose" finished-at="2024-12-30T02:36:30 IST" duration-ms="170" status="PASS">
          <reporter-output>
          </reporter-output>
        </test-method> <!-- browserClose -->
        <test-method is-config="true" signature="launchAndLoadURL(java.lang.String,java.lang.String)[pri:0, instance:test.TC_004_SearchHotelTest@712625fd]" started-at="2024-12-30T02:36:30 IST" name="launchAndLoadURL" finished-at="2024-12-30T02:36:36 IST" duration-ms="5743" status="PASS">
          <params>
            <param index="0">
              <value>
                <![CDATA[https://adactinhotelapp.com/HotelAppBuild2/index.php]]>
              </value>
            </param>
            <param index="1">
              <value>
                <![CDATA[Chrome]]>
              </value>
            </param>
          </params>
          <reporter-output>
          </reporter-output>
        </test-method> <!-- launchAndLoadURL -->
        <test-method signature="SearchHotelTest(java.lang.String,java.lang.String,java.lang.String,java.lang.String,java.lang.String,java.lang.String,java.lang.String,java.lang.String,java.lang.String,java.lang.String)[pri:0, instance:test.TC_004_SearchHotelTest@712625fd]" started-at="2024-12-30T02:36:36 IST" name="SearchHotelTest" data-provider="excelRead" finished-at="2024-12-30T02:36:44 IST" duration-ms="7853" status="PASS">
          <params>
            <param index="0">
              <value>
                <![CDATA[London]]>
              </value>
            </param>
            <param index="1">
              <value>
                <![CDATA[Hotel Creek]]>
              </value>
            </param>
            <param index="2">
              <value>
                <![CDATA[Standard]]>
              </value>
            </param>
            <param index="3">
              <value>
                <![CDATA[1 - One]]>
              </value>
            </param>
            <param index="4">
              <value>
                <![CDATA[ ]]>
              </value>
            </param>
            <param index="5">
              <value>
                <![CDATA[27/12/2025]]>
              </value>
            </param>
            <param index="6">
              <value>
                <![CDATA[2 - Two]]>
              </value>
            </param>
            <param index="7">
              <value>
                <![CDATA[1 - One]]>
              </value>
            </param>
            <param index="8">
              <value>
                <![CDATA[negative]]>
              </value>
            </param>
            <param index="9">
              <value>
                <![CDATA[Please Select Check-In Date]]>
              </value>
            </param>
          </params>
          <reporter-output>
          </reporter-output>
        </test-method> <!-- SearchHotelTest -->
        <test-method is-config="true" signature="browserClose()[pri:0, instance:test.TC_004_SearchHotelTest@712625fd]" started-at="2024-12-30T02:36:44 IST" name="browserClose" finished-at="2024-12-30T02:36:44 IST" duration-ms="146" status="PASS">
          <reporter-output>
          </reporter-output>
        </test-method> <!-- browserClose -->
        <test-method is-config="true" signature="launchAndLoadURL(java.lang.String,java.lang.String)[pri:0, instance:test.TC_004_SearchHotelTest@712625fd]" started-at="2024-12-30T02:36:44 IST" name="launchAndLoadURL" finished-at="2024-12-30T02:36:50 IST" duration-ms="6337" status="PASS">
          <params>
            <param index="0">
              <value>
                <![CDATA[https://adactinhotelapp.com/HotelAppBuild2/index.php]]>
              </value>
            </param>
            <param index="1">
              <value>
                <![CDATA[Chrome]]>
              </value>
            </param>
          </params>
          <reporter-output>
          </reporter-output>
        </test-method> <!-- launchAndLoadURL -->
        <test-method signature="SearchHotelTest(java.lang.String,java.lang.String,java.lang.String,java.lang.String,java.lang.String,java.lang.String,java.lang.String,java.lang.String,java.lang.String,java.lang.String)[pri:0, instance:test.TC_004_SearchHotelTest@712625fd]" started-at="2024-12-30T02:36:50 IST" name="SearchHotelTest" data-provider="excelRead" finished-at="2024-12-30T02:36:59 IST" duration-ms="8504" status="PASS">
          <params>
            <param index="0">
              <value>
                <![CDATA[London]]>
              </value>
            </param>
            <param index="1">
              <value>
                <![CDATA[Hotel Creek]]>
              </value>
            </param>
            <param index="2">
              <value>
                <![CDATA[Standard]]>
              </value>
            </param>
            <param index="3">
              <value>
                <![CDATA[1 - One]]>
              </value>
            </param>
            <param index="4">
              <value>
                <![CDATA[26/12/2025]]>
              </value>
            </param>
            <param index="5">
              <value>
                <![CDATA[ ]]>
              </value>
            </param>
            <param index="6">
              <value>
                <![CDATA[2 - Two]]>
              </value>
            </param>
            <param index="7">
              <value>
                <![CDATA[1 - One]]>
              </value>
            </param>
            <param index="8">
              <value>
                <![CDATA[negative]]>
              </value>
            </param>
            <param index="9">
              <value>
                <![CDATA[Please Select Check-Out Date]]>
              </value>
            </param>
          </params>
          <reporter-output>
          </reporter-output>
        </test-method> <!-- SearchHotelTest -->
        <test-method is-config="true" signature="browserClose()[pri:0, instance:test.TC_004_SearchHotelTest@712625fd]" started-at="2024-12-30T02:36:59 IST" name="browserClose" finished-at="2024-12-30T02:36:59 IST" duration-ms="163" status="PASS">
          <reporter-output>
          </reporter-output>
        </test-method> <!-- browserClose -->
        <test-method is-config="true" signature="launchAndLoadURL(java.lang.String,java.lang.String)[pri:0, instance:test.TC_004_SearchHotelTest@712625fd]" started-at="2024-12-30T02:36:59 IST" name="launchAndLoadURL" finished-at="2024-12-30T02:37:06 IST" duration-ms="6904" status="PASS">
          <params>
            <param index="0">
              <value>
                <![CDATA[https://adactinhotelapp.com/HotelAppBuild2/index.php]]>
              </value>
            </param>
            <param index="1">
              <value>
                <![CDATA[Chrome]]>
              </value>
            </param>
          </params>
          <reporter-output>
          </reporter-output>
        </test-method> <!-- launchAndLoadURL -->
        <test-method signature="SearchHotelTest(java.lang.String,java.lang.String,java.lang.String,java.lang.String,java.lang.String,java.lang.String,java.lang.String,java.lang.String,java.lang.String,java.lang.String)[pri:0, instance:test.TC_004_SearchHotelTest@712625fd]" started-at="2024-12-30T02:37:06 IST" name="SearchHotelTest" data-provider="excelRead" finished-at="2024-12-30T02:37:16 IST" duration-ms="9831" status="PASS">
          <params>
            <param index="0">
              <value>
                <![CDATA[London]]>
              </value>
            </param>
            <param index="1">
              <value>
                <![CDATA[Hotel Creek]]>
              </value>
            </param>
            <param index="2">
              <value>
                <![CDATA[Standard]]>
              </value>
            </param>
            <param index="3">
              <value>
                <![CDATA[1 - One]]>
              </value>
            </param>
            <param index="4">
              <value>
                <![CDATA[26/12/2025]]>
              </value>
            </param>
            <param index="5">
              <value>
                <![CDATA[27/12/2025]]>
              </value>
            </param>
            <param index="6">
              <value>
                <![CDATA[ ]]>
              </value>
            </param>
            <param index="7">
              <value>
                <![CDATA[1 - One]]>
              </value>
            </param>
            <param index="8">
              <value>
                <![CDATA[negative]]>
              </value>
            </param>
            <param index="9">
              <value>
                <![CDATA[Please Select Adults per Room]]>
              </value>
            </param>
          </params>
          <reporter-output>
          </reporter-output>
        </test-method> <!-- SearchHotelTest -->
        <test-method is-config="true" signature="browserClose()[pri:0, instance:test.TC_004_SearchHotelTest@712625fd]" started-at="2024-12-30T02:37:16 IST" name="browserClose" finished-at="2024-12-30T02:37:16 IST" duration-ms="188" status="PASS">
          <reporter-output>
          </reporter-output>
        </test-method> <!-- browserClose -->
        <test-method is-config="true" signature="launchAndLoadURL(java.lang.String,java.lang.String)[pri:0, instance:test.TC_004_SearchHotelTest@712625fd]" started-at="2024-12-30T02:37:16 IST" name="launchAndLoadURL" finished-at="2024-12-30T02:37:21 IST" duration-ms="5437" status="PASS">
          <params>
            <param index="0">
              <value>
                <![CDATA[https://adactinhotelapp.com/HotelAppBuild2/index.php]]>
              </value>
            </param>
            <param index="1">
              <value>
                <![CDATA[Chrome]]>
              </value>
            </param>
          </params>
          <reporter-output>
          </reporter-output>
        </test-method> <!-- launchAndLoadURL -->
        <test-method signature="SearchHotelTest(java.lang.String,java.lang.String,java.lang.String,java.lang.String,java.lang.String,java.lang.String,java.lang.String,java.lang.String,java.lang.String,java.lang.String)[pri:0, instance:test.TC_004_SearchHotelTest@712625fd]" started-at="2024-12-30T02:37:21 IST" name="SearchHotelTest" data-provider="excelRead" finished-at="2024-12-30T02:37:34 IST" duration-ms="12566" status="PASS">
          <params>
            <param index="0">
              <value>
                <![CDATA[London]]>
              </value>
            </param>
            <param index="1">
              <value>
                <![CDATA[Hotel Creek]]>
              </value>
            </param>
            <param index="2">
              <value>
                <![CDATA[Standard]]>
              </value>
            </param>
            <param index="3">
              <value>
                <![CDATA[1 - One]]>
              </value>
            </param>
            <param index="4">
              <value>
                <![CDATA[26/12/2025]]>
              </value>
            </param>
            <param index="5">
              <value>
                <![CDATA[27/12/2025]]>
              </value>
            </param>
            <param index="6">
              <value>
                <![CDATA[2 - Two]]>
              </value>
            </param>
            <param index="7">
              <value>
                <![CDATA[1 - One]]>
              </value>
            </param>
            <param index="8">
              <value>
                <![CDATA[positive]]>
              </value>
            </param>
            <param index="9">
              <value>
                <![CDATA[ ]]>
              </value>
            </param>
          </params>
          <reporter-output>
          </reporter-output>
        </test-method> <!-- SearchHotelTest -->
        <test-method is-config="true" signature="browserClose()[pri:0, instance:test.TC_004_SearchHotelTest@712625fd]" started-at="2024-12-30T02:37:34 IST" name="browserClose" finished-at="2024-12-30T02:37:34 IST" duration-ms="200" status="PASS">
          <reporter-output>
          </reporter-output>
        </test-method> <!-- browserClose -->
      </class> <!-- test.TC_004_SearchHotelTest -->
      <class name="test.TC_003_LogoutTest">
        <test-method is-config="true" signature="setup()[pri:0, instance:test.TC_003_LogoutTest@33065d67]" started-at="2024-12-30T02:29:51 IST" name="setup" finished-at="2024-12-30T02:29:51 IST" duration-ms="2" status="PASS">
          <reporter-output>
          </reporter-output>
        </test-method> <!-- setup -->
        <test-method is-config="true" signature="testDetails()[pri:0, instance:test.TC_003_LogoutTest@33065d67]" started-at="2024-12-30T02:35:15 IST" name="testDetails" finished-at="2024-12-30T02:35:15 IST" duration-ms="0" status="PASS">
          <reporter-output>
          </reporter-output>
        </test-method> <!-- testDetails -->
        <test-method is-config="true" signature="launchAndLoadURL(java.lang.String,java.lang.String)[pri:0, instance:test.TC_003_LogoutTest@33065d67]" started-at="2024-12-30T02:35:15 IST" name="launchAndLoadURL" finished-at="2024-12-30T02:35:22 IST" duration-ms="6542" status="PASS">
          <params>
            <param index="0">
              <value>
                <![CDATA[https://adactinhotelapp.com/HotelAppBuild2/index.php]]>
              </value>
            </param>
            <param index="1">
              <value>
                <![CDATA[Chrome]]>
              </value>
            </param>
          </params>
          <reporter-output>
          </reporter-output>
        </test-method> <!-- launchAndLoadURL -->
        <test-method signature="ValidLogoutTest()[pri:0, instance:test.TC_003_LogoutTest@33065d67]" started-at="2024-12-30T02:35:22 IST" name="ValidLogoutTest" finished-at="2024-12-30T02:35:25 IST" duration-ms="3320" status="PASS">
          <reporter-output>
          </reporter-output>
        </test-method> <!-- ValidLogoutTest -->
        <test-method is-config="true" signature="browserClose()[pri:0, instance:test.TC_003_LogoutTest@33065d67]" started-at="2024-12-30T02:35:25 IST" name="browserClose" finished-at="2024-12-30T02:35:25 IST" duration-ms="195" status="PASS">
          <reporter-output>
          </reporter-output>
        </test-method> <!-- browserClose -->
      </class> <!-- test.TC_003_LogoutTest -->
      <class name="test.TC_001_SignUpTest">
        <test-method is-config="true" signature="reportInitialization()[pri:0, instance:test.TC_001_SignUpTest@795509d9]" started-at="2024-12-30T02:29:51 IST" name="reportInitialization" finished-at="2024-12-30T02:29:51 IST" duration-ms="359" status="PASS">
          <reporter-output>
          </reporter-output>
        </test-method> <!-- reportInitialization -->
        <test-method is-config="true" signature="setup()[pri:0, instance:test.TC_001_SignUpTest@795509d9]" started-at="2024-12-30T02:29:51 IST" name="setup" finished-at="2024-12-30T02:29:51 IST" duration-ms="1" status="PASS">
          <reporter-output>
          </reporter-output>
        </test-method> <!-- setup -->
        <test-method is-config="true" signature="testDetails()[pri:0, instance:test.TC_001_SignUpTest@795509d9]" started-at="2024-12-30T02:29:51 IST" name="testDetails" finished-at="2024-12-30T02:29:51 IST" duration-ms="8" status="PASS">
          <reporter-output>
          </reporter-output>
        </test-method> <!-- testDetails -->
        <test-method is-config="true" signature="launchAndLoadURL(java.lang.String,java.lang.String)[pri:0, instance:test.TC_001_SignUpTest@795509d9]" started-at="2024-12-30T02:29:52 IST" name="launchAndLoadURL" finished-at="2024-12-30T02:30:01 IST" duration-ms="8404" status="PASS">
          <params>
            <param index="0">
              <value>
                <![CDATA[https://adactinhotelapp.com/HotelAppBuild2/index.php]]>
              </value>
            </param>
            <param index="1">
              <value>
                <![CDATA[Chrome]]>
              </value>
            </param>
          </params>
          <reporter-output>
          </reporter-output>
        </test-method> <!-- launchAndLoadURL -->
        <test-method signature="SignUpTest(java.lang.String,java.lang.String,java.lang.String,java.lang.String,java.lang.String,java.lang.String,java.lang.String,java.lang.String)[pri:0, instance:test.TC_001_SignUpTest@795509d9]" started-at="2024-12-30T02:30:01 IST" name="SignUpTest" data-provider="excelRead" finished-at="2024-12-30T02:30:29 IST" duration-ms="28075" status="PASS">
          <params>
            <param index="0">
              <value>
                <![CDATA[EzhilNaveen173]]>
              </value>
            </param>
            <param index="1">
              <value>
                <![CDATA[Eli@1793]]>
              </value>
            </param>
            <param index="2">
              <value>
                <![CDATA[Eli@1793]]>
              </value>
            </param>
            <param index="3">
              <value>
                <![CDATA[Ezhil Parivallal]]>
              </value>
            </param>
            <param index="4">
              <value>
                <![CDATA[ezhilpari179318@gmail.com]]>
              </value>
            </param>
            <param index="5">
              <value>
                <![CDATA[Yes]]>
              </value>
            </param>
            <param index="6">
              <value>
                <![CDATA[positive]]>
              </value>
            </param>
            <param index="7">
              <value>
                <![CDATA[ ]]>
              </value>
            </param>
          </params>
          <reporter-output>
          </reporter-output>
        </test-method> <!-- SignUpTest -->
        <test-method is-config="true" signature="browserClose()[pri:0, instance:test.TC_001_SignUpTest@795509d9]" started-at="2024-12-30T02:30:29 IST" name="browserClose" finished-at="2024-12-30T02:30:29 IST" duration-ms="206" status="PASS">
          <reporter-output>
          </reporter-output>
        </test-method> <!-- browserClose -->
        <test-method is-config="true" signature="launchAndLoadURL(java.lang.String,java.lang.String)[pri:0, instance:test.TC_001_SignUpTest@795509d9]" started-at="2024-12-30T02:30:29 IST" name="launchAndLoadURL" finished-at="2024-12-30T02:30:35 IST" duration-ms="6000" status="PASS">
          <params>
            <param index="0">
              <value>
                <![CDATA[https://adactinhotelapp.com/HotelAppBuild2/index.php]]>
              </value>
            </param>
            <param index="1">
              <value>
                <![CDATA[Chrome]]>
              </value>
            </param>
          </params>
          <reporter-output>
          </reporter-output>
        </test-method> <!-- launchAndLoadURL -->
        <test-method signature="SignUpTest(java.lang.String,java.lang.String,java.lang.String,java.lang.String,java.lang.String,java.lang.String,java.lang.String,java.lang.String)[pri:0, instance:test.TC_001_SignUpTest@795509d9]" started-at="2024-12-30T02:30:35 IST" name="SignUpTest" data-provider="excelRead" finished-at="2024-12-30T02:30:55 IST" duration-ms="20367" status="PASS">
          <params>
            <param index="0">
              <value>
                <![CDATA[EzhilPariva1717]]>
              </value>
            </param>
            <param index="1">
              <value>
                <![CDATA[Eli@1793]]>
              </value>
            </param>
            <param index="2">
              <value>
                <![CDATA[Eli@1793]]>
              </value>
            </param>
            <param index="3">
              <value>
                <![CDATA[Ezhil Parivallal]]>
              </value>
            </param>
            <param index="4">
              <value>
                <![CDATA[ezhilparivallal1717@gmail.com]]>
              </value>
            </param>
            <param index="5">
              <value>
                <![CDATA[Yes]]>
              </value>
            </param>
            <param index="6">
              <value>
                <![CDATA[negative]]>
              </value>
            </param>
            <param index="7">
              <value>
                <![CDATA[Email address is already in use]]>
              </value>
            </param>
          </params>
          <reporter-output>
          </reporter-output>
        </test-method> <!-- SignUpTest -->
        <test-method is-config="true" signature="browserClose()[pri:0, instance:test.TC_001_SignUpTest@795509d9]" started-at="2024-12-30T02:30:55 IST" name="browserClose" finished-at="2024-12-30T02:30:56 IST" duration-ms="206" status="PASS">
          <reporter-output>
          </reporter-output>
        </test-method> <!-- browserClose -->
        <test-method is-config="true" signature="launchAndLoadURL(java.lang.String,java.lang.String)[pri:0, instance:test.TC_001_SignUpTest@795509d9]" started-at="2024-12-30T02:30:56 IST" name="launchAndLoadURL" finished-at="2024-12-30T02:31:02 IST" duration-ms="6446" status="PASS">
          <params>
            <param index="0">
              <value>
                <![CDATA[https://adactinhotelapp.com/HotelAppBuild2/index.php]]>
              </value>
            </param>
            <param index="1">
              <value>
                <![CDATA[Chrome]]>
              </value>
            </param>
          </params>
          <reporter-output>
          </reporter-output>
        </test-method> <!-- launchAndLoadURL -->
        <test-method signature="SignUpTest(java.lang.String,java.lang.String,java.lang.String,java.lang.String,java.lang.String,java.lang.String,java.lang.String,java.lang.String)[pri:0, instance:test.TC_001_SignUpTest@795509d9]" started-at="2024-12-30T02:31:02 IST" name="SignUpTest" data-provider="excelRead" finished-at="2024-12-30T02:31:22 IST" duration-ms="19723" status="PASS">
          <params>
            <param index="0">
              <value>
                <![CDATA[ ]]>
              </value>
            </param>
            <param index="1">
              <value>
                <![CDATA[Eli@1793]]>
              </value>
            </param>
            <param index="2">
              <value>
                <![CDATA[Eli@1793]]>
              </value>
            </param>
            <param index="3">
              <value>
                <![CDATA[Ezhil Parivallal]]>
              </value>
            </param>
            <param index="4">
              <value>
                <![CDATA[ezhilparivallal1217@gmail.com]]>
              </value>
            </param>
            <param index="5">
              <value>
                <![CDATA[Yes]]>
              </value>
            </param>
            <param index="6">
              <value>
                <![CDATA[negative]]>
              </value>
            </param>
            <param index="7">
              <value>
                <![CDATA[Username is Empty]]>
              </value>
            </param>
          </params>
          <reporter-output>
          </reporter-output>
        </test-method> <!-- SignUpTest -->
        <test-method is-config="true" signature="browserClose()[pri:0, instance:test.TC_001_SignUpTest@795509d9]" started-at="2024-12-30T02:31:22 IST" name="browserClose" finished-at="2024-12-30T02:31:22 IST" duration-ms="183" status="PASS">
          <reporter-output>
          </reporter-output>
        </test-method> <!-- browserClose -->
        <test-method is-config="true" signature="launchAndLoadURL(java.lang.String,java.lang.String)[pri:0, instance:test.TC_001_SignUpTest@795509d9]" started-at="2024-12-30T02:31:22 IST" name="launchAndLoadURL" finished-at="2024-12-30T02:31:28 IST" duration-ms="5889" status="PASS">
          <params>
            <param index="0">
              <value>
                <![CDATA[https://adactinhotelapp.com/HotelAppBuild2/index.php]]>
              </value>
            </param>
            <param index="1">
              <value>
                <![CDATA[Chrome]]>
              </value>
            </param>
          </params>
          <reporter-output>
          </reporter-output>
        </test-method> <!-- launchAndLoadURL -->
        <test-method signature="SignUpTest(java.lang.String,java.lang.String,java.lang.String,java.lang.String,java.lang.String,java.lang.String,java.lang.String,java.lang.String)[pri:0, instance:test.TC_001_SignUpTest@795509d9]" started-at="2024-12-30T02:31:28 IST" name="SignUpTest" data-provider="excelRead" finished-at="2024-12-30T02:32:04 IST" duration-ms="36110" status="FAIL">
          <params>
            <param index="0">
              <value>
                <![CDATA[EzhilParivallal]]>
              </value>
            </param>
            <param index="1">
              <value>
                <![CDATA[Eli@1793]]>
              </value>
            </param>
            <param index="2">
              <value>
                <![CDATA[Eli@1793]]>
              </value>
            </param>
            <param index="3">
              <value>
                <![CDATA[Mitra Naveen]]>
              </value>
            </param>
            <param index="4">
              <value>
                <![CDATA[ezhilparivallal1218@gmail.com]]>
              </value>
            </param>
            <param index="5">
              <value>
                <![CDATA[Yes]]>
              </value>
            </param>
            <param index="6">
              <value>
                <![CDATA[negative]]>
              </value>
            </param>
            <param index="7">
              <value>
                <![CDATA[This username is already available]]>
              </value>
            </param>
          </params>
          <exception class="org.openqa.selenium.NoSuchElementException">
            <message>
              <![CDATA[no such element: Unable to locate element: {"method":"xpath","selector":"//label[text()='This username is already available']"}
  (Session info: chrome=131.0.6778.205)
For documentation on this error, please visit: https://www.selenium.dev/documentation/webdriver/troubleshooting/errors#no-such-element-exception
Build info: version: '4.25.0', revision: '8a8aea2337'
System info: os.name: 'Windows 11', os.arch: 'amd64', os.version: '10.0', java.version: '22.0.2'
Driver info: org.openqa.selenium.chrome.ChromeDriver
Command: [4f6308b66467e0eff02d43384cb958e6, findElement {using=xpath, value=//label[text()='This username is already available']}]
Capabilities {acceptInsecureCerts: false, browserName: chrome, browserVersion: 131.0.6778.205, chrome: {chromedriverVersion: 131.0.6778.204 (52183f9e99a..., userDataDir: C:\Users\ezhil\AppData\Loca...}, fedcm:accounts: true, goog:chromeOptions: {debuggerAddress: localhost:64776}, networkConnectionEnabled: false, pageLoadStrategy: normal, platformName: windows, proxy: Proxy(), se:cdp: ws://localhost:64776/devtoo..., se:cdpVersion: 131.0.6778.205, setWindowRect: true, strictFileInteractability: false, timeouts: {implicit: 0, pageLoad: 300000, script: 30000}, unhandledPromptBehavior: dismiss and notify, webauthn:extension:credBlob: true, webauthn:extension:largeBlob: true, webauthn:extension:minPinLength: true, webauthn:extension:prf: true, webauthn:virtualAuthenticators: true}
Session ID: 4f6308b66467e0eff02d43384cb958e6]]>
            </message>
            <full-stacktrace>
              <![CDATA[org.openqa.selenium.NoSuchElementException: no such element: Unable to locate element: {"method":"xpath","selector":"//label[text()='This username is already available']"}
  (Session info: chrome=131.0.6778.205)
For documentation on this error, please visit: https://www.selenium.dev/documentation/webdriver/troubleshooting/errors#no-such-element-exception
Build info: version: '4.25.0', revision: '8a8aea2337'
System info: os.name: 'Windows 11', os.arch: 'amd64', os.version: '10.0', java.version: '22.0.2'
Driver info: org.openqa.selenium.chrome.ChromeDriver
Command: [4f6308b66467e0eff02d43384cb958e6, findElement {using=xpath, value=//label[text()='This username is already available']}]
Capabilities {acceptInsecureCerts: false, browserName: chrome, browserVersion: 131.0.6778.205, chrome: {chromedriverVersion: 131.0.6778.204 (52183f9e99a..., userDataDir: C:\Users\ezhil\AppData\Loca...}, fedcm:accounts: true, goog:chromeOptions: {debuggerAddress: localhost:64776}, networkConnectionEnabled: false, pageLoadStrategy: normal, platformName: windows, proxy: Proxy(), se:cdp: ws://localhost:64776/devtoo..., se:cdpVersion: 131.0.6778.205, setWindowRect: true, strictFileInteractability: false, timeouts: {implicit: 0, pageLoad: 300000, script: 30000}, unhandledPromptBehavior: dismiss and notify, webauthn:extension:credBlob: true, webauthn:extension:largeBlob: true, webauthn:extension:minPinLength: true, webauthn:extension:prf: true, webauthn:virtualAuthenticators: true}
Session ID: 4f6308b66467e0eff02d43384cb958e6
at java.base/jdk.internal.reflect.DirectConstructorHandleAccessor.newInstance(DirectConstructorHandleAccessor.java:62)
at java.base/java.lang.reflect.Constructor.newInstanceWithCaller(Constructor.java:502)
at java.base/java.lang.reflect.Constructor.newInstance(Constructor.java:486)
at org.openqa.selenium.remote.ErrorCodec.decode(ErrorCodec.java:167)
at org.openqa.selenium.remote.codec.w3c.W3CHttpResponseCodec.decode(W3CHttpResponseCodec.java:138)
at org.openqa.selenium.remote.codec.w3c.W3CHttpResponseCodec.decode(W3CHttpResponseCodec.java:50)
at org.openqa.selenium.remote.HttpCommandExecutor.execute(HttpCommandExecutor.java:190)
at org.openqa.selenium.remote.service.DriverCommandExecutor.invokeExecute(DriverCommandExecutor.java:216)
at org.openqa.selenium.remote.service.DriverCommandExecutor.execute(DriverCommandExecutor.java:174)
at org.openqa.selenium.remote.RemoteWebDriver.execute(RemoteWebDriver.java:545)
at org.openqa.selenium.remote.ElementLocation$ElementFinder$2.findElement(ElementLocation.java:165)
at org.openqa.selenium.remote.ElementLocation.findElement(ElementLocation.java:59)
at org.openqa.selenium.remote.RemoteWebDriver.findElement(RemoteWebDriver.java:368)
at org.openqa.selenium.remote.RemoteWebDriver.findElement(RemoteWebDriver.java:362)
at pages.RegisterPage.validateRegister(RegisterPage.java:76)
at test.TC_001_SignUpTest.SignUpTest(TC_001_SignUpTest.java:34)
at java.base/jdk.internal.reflect.DirectMethodHandleAccessor.invoke(DirectMethodHandleAccessor.java:103)
at java.base/java.lang.reflect.Method.invoke(Method.java:580)
at org.testng.internal.MethodInvocationHelper.invokeMethod(MethodInvocationHelper.java:133)
at org.testng.internal.TestInvoker.invokeMethod(TestInvoker.java:598)
at org.testng.internal.TestInvoker.invokeTestMethod(TestInvoker.java:173)
at org.testng.internal.MethodRunner.runInSequence(MethodRunner.java:46)
at org.testng.internal.TestInvoker$MethodInvocationAgent.invoke(TestInvoker.java:824)
at org.testng.internal.TestInvoker.invokeTestMethods(TestInvoker.java:146)
at org.testng.internal.TestMethodWorker.invokeTestMethods(TestMethodWorker.java:146)
at org.testng.internal.TestMethodWorker.run(TestMethodWorker.java:128)
at java.base/java.util.ArrayList.forEach(ArrayList.java:1597)
at org.testng.TestRunner.privateRun(TestRunner.java:794)
at org.testng.TestRunner.run(TestRunner.java:596)
at org.testng.SuiteRunner.runTest(SuiteRunner.java:377)
at org.testng.SuiteRunner.runSequentially(SuiteRunner.java:371)
at org.testng.SuiteRunner.privateRun(SuiteRunner.java:332)
at org.testng.SuiteRunner.run(SuiteRunner.java:276)
at org.testng.SuiteRunnerWorker.runSuite(SuiteRunnerWorker.java:53)
at org.testng.SuiteRunnerWorker.run(SuiteRunnerWorker.java:96)
at org.testng.TestNG.runSuitesSequentially(TestNG.java:1212)
at org.testng.TestNG.runSuitesLocally(TestNG.java:1134)
at org.testng.TestNG.runSuites(TestNG.java:1063)
at org.testng.TestNG.run(TestNG.java:1031)
at org.testng.remote.AbstractRemoteTestNG.run(AbstractRemoteTestNG.java:115)
at org.testng.remote.RemoteTestNG.initAndRun(RemoteTestNG.java:293)
at org.testng.remote.RemoteTestNG.main(RemoteTestNG.java:91)
]]>
            </full-stacktrace>
          </exception> <!-- org.openqa.selenium.NoSuchElementException -->
          <reporter-output>
          </reporter-output>
        </test-method> <!-- SignUpTest -->
        <test-method is-config="true" signature="browserClose()[pri:0, instance:test.TC_001_SignUpTest@795509d9]" started-at="2024-12-30T02:32:04 IST" name="browserClose" finished-at="2024-12-30T02:32:05 IST" duration-ms="205" status="PASS">
          <reporter-output>
          </reporter-output>
        </test-method> <!-- browserClose -->
        <test-method is-config="true" signature="launchAndLoadURL(java.lang.String,java.lang.String)[pri:0, instance:test.TC_001_SignUpTest@795509d9]" started-at="2024-12-30T02:32:05 IST" name="launchAndLoadURL" finished-at="2024-12-30T02:32:10 IST" duration-ms="5736" status="PASS">
          <params>
            <param index="0">
              <value>
                <![CDATA[https://adactinhotelapp.com/HotelAppBuild2/index.php]]>
              </value>
            </param>
            <param index="1">
              <value>
                <![CDATA[Chrome]]>
              </value>
            </param>
          </params>
          <reporter-output>
          </reporter-output>
        </test-method> <!-- launchAndLoadURL -->
        <test-method signature="SignUpTest(java.lang.String,java.lang.String,java.lang.String,java.lang.String,java.lang.String,java.lang.String,java.lang.String,java.lang.String)[pri:0, instance:test.TC_001_SignUpTest@795509d9]" started-at="2024-12-30T02:32:10 IST" name="SignUpTest" data-provider="excelRead" finished-at="2024-12-30T02:32:29 IST" duration-ms="19059" status="PASS">
          <params>
            <param index="0">
              <value>
                <![CDATA[MitraNaveen]]>
              </value>
            </param>
            <param index="1">
              <value>
                <![CDATA[ ]]>
              </value>
            </param>
            <param index="2">
              <value>
                <![CDATA[Eli@1793]]>
              </value>
            </param>
            <param index="3">
              <value>
                <![CDATA[Mitra Naveen]]>
              </value>
            </param>
            <param index="4">
              <value>
                <![CDATA[ezhilparivallal1218@gmail.com]]>
              </value>
            </param>
            <param index="5">
              <value>
                <![CDATA[Yes]]>
              </value>
            </param>
            <param index="6">
              <value>
                <![CDATA[negative]]>
              </value>
            </param>
            <param index="7">
              <value>
                <![CDATA[Password is Empty]]>
              </value>
            </param>
          </params>
          <reporter-output>
          </reporter-output>
        </test-method> <!-- SignUpTest -->
        <test-method is-config="true" signature="browserClose()[pri:0, instance:test.TC_001_SignUpTest@795509d9]" started-at="2024-12-30T02:32:29 IST" name="browserClose" finished-at="2024-12-30T02:32:30 IST" duration-ms="174" status="PASS">
          <reporter-output>
          </reporter-output>
        </test-method> <!-- browserClose -->
        <test-method is-config="true" signature="launchAndLoadURL(java.lang.String,java.lang.String)[pri:0, instance:test.TC_001_SignUpTest@795509d9]" started-at="2024-12-30T02:32:30 IST" name="launchAndLoadURL" finished-at="2024-12-30T02:32:36 IST" duration-ms="6278" status="PASS">
          <params>
            <param index="0">
              <value>
                <![CDATA[https://adactinhotelapp.com/HotelAppBuild2/index.php]]>
              </value>
            </param>
            <param index="1">
              <value>
                <![CDATA[Chrome]]>
              </value>
            </param>
          </params>
          <reporter-output>
          </reporter-output>
        </test-method> <!-- launchAndLoadURL -->
        <test-method signature="SignUpTest(java.lang.String,java.lang.String,java.lang.String,java.lang.String,java.lang.String,java.lang.String,java.lang.String,java.lang.String)[pri:0, instance:test.TC_001_SignUpTest@795509d9]" started-at="2024-12-30T02:32:36 IST" name="SignUpTest" data-provider="excelRead" finished-at="2024-12-30T02:32:56 IST" duration-ms="20158" status="PASS">
          <params>
            <param index="0">
              <value>
                <![CDATA[MitraNaveen]]>
              </value>
            </param>
            <param index="1">
              <value>
                <![CDATA[Eli@1793]]>
              </value>
            </param>
            <param index="2">
              <value>
                <![CDATA[ ]]>
              </value>
            </param>
            <param index="3">
              <value>
                <![CDATA[Mitra Naveen]]>
              </value>
            </param>
            <param index="4">
              <value>
                <![CDATA[ezhilparivallal1218@gmail.com]]>
              </value>
            </param>
            <param index="5">
              <value>
                <![CDATA[Yes]]>
              </value>
            </param>
            <param index="6">
              <value>
                <![CDATA[negative]]>
              </value>
            </param>
            <param index="7">
              <value>
                <![CDATA[Confirm Password is Empty]]>
              </value>
            </param>
          </params>
          <reporter-output>
          </reporter-output>
        </test-method> <!-- SignUpTest -->
        <test-method is-config="true" signature="browserClose()[pri:0, instance:test.TC_001_SignUpTest@795509d9]" started-at="2024-12-30T02:32:56 IST" name="browserClose" finished-at="2024-12-30T02:32:56 IST" duration-ms="159" status="PASS">
          <reporter-output>
          </reporter-output>
        </test-method> <!-- browserClose -->
        <test-method is-config="true" signature="launchAndLoadURL(java.lang.String,java.lang.String)[pri:0, instance:test.TC_001_SignUpTest@795509d9]" started-at="2024-12-30T02:32:56 IST" name="launchAndLoadURL" finished-at="2024-12-30T02:33:02 IST" duration-ms="5661" status="PASS">
          <params>
            <param index="0">
              <value>
                <![CDATA[https://adactinhotelapp.com/HotelAppBuild2/index.php]]>
              </value>
            </param>
            <param index="1">
              <value>
                <![CDATA[Chrome]]>
              </value>
            </param>
          </params>
          <reporter-output>
          </reporter-output>
        </test-method> <!-- launchAndLoadURL -->
        <test-method signature="SignUpTest(java.lang.String,java.lang.String,java.lang.String,java.lang.String,java.lang.String,java.lang.String,java.lang.String,java.lang.String)[pri:0, instance:test.TC_001_SignUpTest@795509d9]" started-at="2024-12-30T02:33:02 IST" name="SignUpTest" data-provider="excelRead" finished-at="2024-12-30T02:33:20 IST" duration-ms="18479" status="PASS">
          <params>
            <param index="0">
              <value>
                <![CDATA[MitraNaveen]]>
              </value>
            </param>
            <param index="1">
              <value>
                <![CDATA[Eli@1793]]>
              </value>
            </param>
            <param index="2">
              <value>
                <![CDATA[Eli@1793]]>
              </value>
            </param>
            <param index="3">
              <value>
                <![CDATA[ ]]>
              </value>
            </param>
            <param index="4">
              <value>
                <![CDATA[ezhilparivallal1218@gmail.com]]>
              </value>
            </param>
            <param index="5">
              <value>
                <![CDATA[Yes]]>
              </value>
            </param>
            <param index="6">
              <value>
                <![CDATA[negative]]>
              </value>
            </param>
            <param index="7">
              <value>
                <![CDATA[Full Name is Empty]]>
              </value>
            </param>
          </params>
          <reporter-output>
          </reporter-output>
        </test-method> <!-- SignUpTest -->
        <test-method is-config="true" signature="browserClose()[pri:0, instance:test.TC_001_SignUpTest@795509d9]" started-at="2024-12-30T02:33:20 IST" name="browserClose" finished-at="2024-12-30T02:33:21 IST" duration-ms="190" status="PASS">
          <reporter-output>
          </reporter-output>
        </test-method> <!-- browserClose -->
        <test-method is-config="true" signature="launchAndLoadURL(java.lang.String,java.lang.String)[pri:0, instance:test.TC_001_SignUpTest@795509d9]" started-at="2024-12-30T02:33:21 IST" name="launchAndLoadURL" finished-at="2024-12-30T02:33:26 IST" duration-ms="5950" status="PASS">
          <params>
            <param index="0">
              <value>
                <![CDATA[https://adactinhotelapp.com/HotelAppBuild2/index.php]]>
              </value>
            </param>
            <param index="1">
              <value>
                <![CDATA[Chrome]]>
              </value>
            </param>
          </params>
          <reporter-output>
          </reporter-output>
        </test-method> <!-- launchAndLoadURL -->
        <test-method signature="SignUpTest(java.lang.String,java.lang.String,java.lang.String,java.lang.String,java.lang.String,java.lang.String,java.lang.String,java.lang.String)[pri:0, instance:test.TC_001_SignUpTest@795509d9]" started-at="2024-12-30T02:33:26 IST" name="SignUpTest" data-provider="excelRead" finished-at="2024-12-30T02:33:46 IST" duration-ms="19091" status="PASS">
          <params>
            <param index="0">
              <value>
                <![CDATA[MitraNaveen]]>
              </value>
            </param>
            <param index="1">
              <value>
                <![CDATA[Eli@1793]]>
              </value>
            </param>
            <param index="2">
              <value>
                <![CDATA[Eli@1793]]>
              </value>
            </param>
            <param index="3">
              <value>
                <![CDATA[Mitra Naveen]]>
              </value>
            </param>
            <param index="4">
              <value>
                <![CDATA[ ]]>
              </value>
            </param>
            <param index="5">
              <value>
                <![CDATA[Yes]]>
              </value>
            </param>
            <param index="6">
              <value>
                <![CDATA[negative]]>
              </value>
            </param>
            <param index="7">
              <value>
                <![CDATA[Email Address is Empty]]>
              </value>
            </param>
          </params>
          <reporter-output>
          </reporter-output>
        </test-method> <!-- SignUpTest -->
        <test-method is-config="true" signature="browserClose()[pri:0, instance:test.TC_001_SignUpTest@795509d9]" started-at="2024-12-30T02:33:46 IST" name="browserClose" finished-at="2024-12-30T02:33:46 IST" duration-ms="207" status="PASS">
          <reporter-output>
          </reporter-output>
        </test-method> <!-- browserClose -->
        <test-method is-config="true" signature="launchAndLoadURL(java.lang.String,java.lang.String)[pri:0, instance:test.TC_001_SignUpTest@795509d9]" started-at="2024-12-30T02:33:46 IST" name="launchAndLoadURL" finished-at="2024-12-30T02:33:53 IST" duration-ms="6956" status="PASS">
          <params>
            <param index="0">
              <value>
                <![CDATA[https://adactinhotelapp.com/HotelAppBuild2/index.php]]>
              </value>
            </param>
            <param index="1">
              <value>
                <![CDATA[Chrome]]>
              </value>
            </param>
          </params>
          <reporter-output>
          </reporter-output>
        </test-method> <!-- launchAndLoadURL -->
        <test-method signature="SignUpTest(java.lang.String,java.lang.String,java.lang.String,java.lang.String,java.lang.String,java.lang.String,java.lang.String,java.lang.String)[pri:0, instance:test.TC_001_SignUpTest@795509d9]" started-at="2024-12-30T02:33:53 IST" name="SignUpTest" data-provider="excelRead" finished-at="2024-12-30T02:34:13 IST" duration-ms="19954" status="PASS">
          <params>
            <param index="0">
              <value>
                <![CDATA[MitraNaveen]]>
              </value>
            </param>
            <param index="1">
              <value>
                <![CDATA[Eli@1793]]>
              </value>
            </param>
            <param index="2">
              <value>
                <![CDATA[Eli@1793]]>
              </value>
            </param>
            <param index="3">
              <value>
                <![CDATA[Mitra Naveen]]>
              </value>
            </param>
            <param index="4">
              <value>
                <![CDATA[ezhilparivallal1218@gmail.com]]>
              </value>
            </param>
            <param index="5">
              <value>
                <![CDATA[No]]>
              </value>
            </param>
            <param index="6">
              <value>
                <![CDATA[negative]]>
              </value>
            </param>
            <param index="7">
              <value>
                <![CDATA[You must agree to Terms and Conditions]]>
              </value>
            </param>
          </params>
          <reporter-output>
          </reporter-output>
        </test-method> <!-- SignUpTest -->
        <test-method is-config="true" signature="browserClose()[pri:0, instance:test.TC_001_SignUpTest@795509d9]" started-at="2024-12-30T02:34:13 IST" name="browserClose" finished-at="2024-12-30T02:34:13 IST" duration-ms="197" status="PASS">
          <reporter-output>
          </reporter-output>
        </test-method> <!-- browserClose -->
        <test-method is-config="true" signature="launchAndLoadURL(java.lang.String,java.lang.String)[pri:0, instance:test.TC_001_SignUpTest@795509d9]" started-at="2024-12-30T02:34:13 IST" name="launchAndLoadURL" finished-at="2024-12-30T02:34:19 IST" duration-ms="6470" status="PASS">
          <params>
            <param index="0">
              <value>
                <![CDATA[https://adactinhotelapp.com/HotelAppBuild2/index.php]]>
              </value>
            </param>
            <param index="1">
              <value>
                <![CDATA[Chrome]]>
              </value>
            </param>
          </params>
          <reporter-output>
          </reporter-output>
        </test-method> <!-- launchAndLoadURL -->
        <test-method signature="SignUpTest(java.lang.String,java.lang.String,java.lang.String,java.lang.String,java.lang.String,java.lang.String,java.lang.String,java.lang.String)[pri:0, instance:test.TC_001_SignUpTest@795509d9]" started-at="2024-12-30T02:34:19 IST" name="SignUpTest" data-provider="excelRead" finished-at="2024-12-30T02:34:39 IST" duration-ms="19348" status="PASS">
          <params>
[...]
              <value>
                <![CDATA[5A, RC Street, Tirupur Road, Dharapuram - 638656]]>
              </value>
            </param>
            <param index="3">
              <value>
                <![CDATA[ ]]>
              </value>
            </param>
            <param index="4">
              <value>
                <![CDATA[VISA]]>
              </value>
            </param>
            <param index="5">
              <value>
                <![CDATA[May]]>
              </value>
            </param>
            <param index="6">
              <value>
                <![CDATA[2030]]>
              </value>
            </param>
            <param index="7">
              <value>
                <![CDATA[123]]>
              </value>
            </param>
            <param index="8">
              <value>
                <![CDATA[negative_book]]>
              </value>
            </param>
            <param index="9">
              <value>
                <![CDATA[Please Enter your 16 Digit Credit Card Number]]>
              </value>
            </param>
          </params>
          <reporter-output>
          </reporter-output>
        </test-method> <!-- BookHotelTest -->
        <test-method is-config="true" signature="browserClose()[pri:0, instance:test.TC_005_BookHotelTest@7bba5817]" started-at="2024-12-30T02:40:11 IST" name="browserClose" finished-at="2024-12-30T02:40:11 IST" duration-ms="194" status="PASS">
          <reporter-output>
          </reporter-output>
        </test-method> <!-- browserClose -->
        <test-method is-config="true" signature="launchAndLoadURL(java.lang.String,java.lang.String)[pri:0, instance:test.TC_005_BookHotelTest@7bba5817]" started-at="2024-12-30T02:40:11 IST" name="launchAndLoadURL" finished-at="2024-12-30T02:40:17 IST" duration-ms="5815" status="PASS">
          <params>
            <param index="0">
              <value>
                <![CDATA[https://adactinhotelapp.com/HotelAppBuild2/index.php]]>
              </value>
            </param>
            <param index="1">
              <value>
                <![CDATA[Chrome]]>
              </value>
            </param>
          </params>
          <reporter-output>
          </reporter-output>
        </test-method> <!-- launchAndLoadURL -->
        <test-method signature="BookHotelTest(java.lang.String,java.lang.String,java.lang.String,java.lang.String,java.lang.String,java.lang.String,java.lang.String,java.lang.String,java.lang.String,java.lang.String)[pri:0, instance:test.TC_005_BookHotelTest@7bba5817]" started-at="2024-12-30T02:40:17 IST" name="BookHotelTest" data-provider="excelRead" finished-at="2024-12-30T02:40:32 IST" duration-ms="14707" status="PASS">
          <params>
            <param index="0">
              <value>
                <![CDATA[Ezhil]]>
              </value>
            </param>
            <param index="1">
              <value>
                <![CDATA[Parivallal]]>
              </value>
            </param>
            <param index="2">
              <value>
                <![CDATA[5A, RC Street, Tirupur Road, Dharapuram - 638656]]>
              </value>
            </param>
            <param index="3">
              <value>
                <![CDATA[1234567890123450]]>
              </value>
            </param>
            <param index="4">
              <value>
                <![CDATA[ ]]>
              </value>
            </param>
            <param index="5">
              <value>
                <![CDATA[May]]>
              </value>
            </param>
            <param index="6">
              <value>
                <![CDATA[2030]]>
              </value>
            </param>
            <param index="7">
              <value>
                <![CDATA[123]]>
              </value>
            </param>
            <param index="8">
              <value>
                <![CDATA[negative_book]]>
              </value>
            </param>
            <param index="9">
              <value>
                <![CDATA[Please Select your Credit Card Type]]>
              </value>
            </param>
          </params>
          <reporter-output>
          </reporter-output>
        </test-method> <!-- BookHotelTest -->
        <test-method is-config="true" signature="browserClose()[pri:0, instance:test.TC_005_BookHotelTest@7bba5817]" started-at="2024-12-30T02:40:32 IST" name="browserClose" finished-at="2024-12-30T02:40:32 IST" duration-ms="178" status="PASS">
          <reporter-output>
          </reporter-output>
        </test-method> <!-- browserClose -->
        <test-method is-config="true" signature="launchAndLoadURL(java.lang.String,java.lang.String)[pri:0, instance:test.TC_005_BookHotelTest@7bba5817]" started-at="2024-12-30T02:40:32 IST" name="launchAndLoadURL" finished-at="2024-12-30T02:40:38 IST" duration-ms="5895" status="PASS">
          <params>
            <param index="0">
              <value>
                <![CDATA[https://adactinhotelapp.com/HotelAppBuild2/index.php]]>
              </value>
            </param>
            <param index="1">
              <value>
                <![CDATA[Chrome]]>
              </value>
            </param>
          </params>
          <reporter-output>
          </reporter-output>
        </test-method> <!-- launchAndLoadURL -->
        <test-method signature="BookHotelTest(java.lang.String,java.lang.String,java.lang.String,java.lang.String,java.lang.String,java.lang.String,java.lang.String,java.lang.String,java.lang.String,java.lang.String)[pri:0, instance:test.TC_005_BookHotelTest@7bba5817]" started-at="2024-12-30T02:40:38 IST" name="BookHotelTest" data-provider="excelRead" finished-at="2024-12-30T02:40:54 IST" duration-ms="16555" status="PASS">
          <params>
            <param index="0">
              <value>
                <![CDATA[Ezhil]]>
              </value>
            </param>
            <param index="1">
              <value>
                <![CDATA[Parivallal]]>
              </value>
            </param>
            <param index="2">
              <value>
                <![CDATA[5A, RC Street, Tirupur Road, Dharapuram - 638656]]>
              </value>
            </param>
            <param index="3">
              <value>
                <![CDATA[1234567890123450]]>
              </value>
            </param>
            <param index="4">
              <value>
                <![CDATA[VISA]]>
              </value>
            </param>
            <param index="5">
              <value>
                <![CDATA[ ]]>
              </value>
            </param>
            <param index="6">
              <value>
                <![CDATA[ ]]>
              </value>
            </param>
            <param index="7">
              <value>
                <![CDATA[123]]>
              </value>
            </param>
            <param index="8">
              <value>
                <![CDATA[negative_book]]>
              </value>
            </param>
            <param index="9">
              <value>
                <![CDATA[Please Select your Credit Card Expiry Month]]>
              </value>
            </param>
          </params>
          <reporter-output>
          </reporter-output>
        </test-method> <!-- BookHotelTest -->
        <test-method is-config="true" signature="browserClose()[pri:0, instance:test.TC_005_BookHotelTest@7bba5817]" started-at="2024-12-30T02:40:54 IST" name="browserClose" finished-at="2024-12-30T02:40:55 IST" duration-ms="178" status="PASS">
          <reporter-output>
          </reporter-output>
        </test-method> <!-- browserClose -->
        <test-method is-config="true" signature="launchAndLoadURL(java.lang.String,java.lang.String)[pri:0, instance:test.TC_005_BookHotelTest@7bba5817]" started-at="2024-12-30T02:40:55 IST" name="launchAndLoadURL" finished-at="2024-12-30T02:41:00 IST" duration-ms="5623" status="PASS">
          <params>
            <param index="0">
              <value>
                <![CDATA[https://adactinhotelapp.com/HotelAppBuild2/index.php]]>
              </value>
            </param>
            <param index="1">
              <value>
                <![CDATA[Chrome]]>
              </value>
            </param>
          </params>
          <reporter-output>
          </reporter-output>
        </test-method> <!-- launchAndLoadURL -->
        <test-method signature="BookHotelTest(java.lang.String,java.lang.String,java.lang.String,java.lang.String,java.lang.String,java.lang.String,java.lang.String,java.lang.String,java.lang.String,java.lang.String)[pri:0, instance:test.TC_005_BookHotelTest@7bba5817]" started-at="2024-12-30T02:41:00 IST" name="BookHotelTest" data-provider="excelRead" finished-at="2024-12-30T02:41:15 IST" duration-ms="15121" status="PASS">
          <params>
            <param index="0">
              <value>
                <![CDATA[Ezhil]]>
              </value>
            </param>
            <param index="1">
              <value>
                <![CDATA[Parivallal]]>
              </value>
            </param>
            <param index="2">
              <value>
                <![CDATA[5A, RC Street, Tirupur Road, Dharapuram - 638656]]>
              </value>
            </param>
            <param index="3">
              <value>
                <![CDATA[1234567890123450]]>
              </value>
            </param>
            <param index="4">
              <value>
                <![CDATA[VISA]]>
              </value>
            </param>
            <param index="5">
              <value>
                <![CDATA[ ]]>
              </value>
            </param>
            <param index="6">
              <value>
                <![CDATA[2030]]>
              </value>
            </param>
            <param index="7">
              <value>
                <![CDATA[123]]>
              </value>
            </param>
            <param index="8">
              <value>
                <![CDATA[negative_book]]>
              </value>
            </param>
            <param index="9">
              <value>
                <![CDATA[Please Select your Credit Card Expiry Month]]>
              </value>
            </param>
          </params>
          <reporter-output>
          </reporter-output>
        </test-method> <!-- BookHotelTest -->
        <test-method is-config="true" signature="browserClose()[pri:0, instance:test.TC_005_BookHotelTest@7bba5817]" started-at="2024-12-30T02:41:15 IST" name="browserClose" finished-at="2024-12-30T02:41:15 IST" duration-ms="192" status="PASS">
          <reporter-output>
          </reporter-output>
        </test-method> <!-- browserClose -->
        <test-method is-config="true" signature="launchAndLoadURL(java.lang.String,java.lang.String)[pri:0, instance:test.TC_005_BookHotelTest@7bba5817]" started-at="2024-12-30T02:41:15 IST" name="launchAndLoadURL" finished-at="2024-12-30T02:41:21 IST" duration-ms="5951" status="PASS">
          <params>
            <param index="0">
              <value>
                <![CDATA[https://adactinhotelapp.com/HotelAppBuild2/index.php]]>
              </value>
            </param>
            <param index="1">
              <value>
                <![CDATA[Chrome]]>
              </value>
            </param>
          </params>
          <reporter-output>
          </reporter-output>
        </test-method> <!-- launchAndLoadURL -->
        <test-method signature="BookHotelTest(java.lang.String,java.lang.String,java.lang.String,java.lang.String,java.lang.String,java.lang.String,java.lang.String,java.lang.String,java.lang.String,java.lang.String)[pri:0, instance:test.TC_005_BookHotelTest@7bba5817]" started-at="2024-12-30T02:41:21 IST" name="BookHotelTest" data-provider="excelRead" finished-at="2024-12-30T02:41:38 IST" duration-ms="16583" status="PASS">
          <params>
            <param index="0">
              <value>
                <![CDATA[Ezhil]]>
              </value>
            </param>
            <param index="1">
              <value>
                <![CDATA[Parivallal]]>
              </value>
            </param>
            <param index="2">
              <value>
                <![CDATA[5A, RC Street, Tirupur Road, Dharapuram - 638656]]>
              </value>
            </param>
            <param index="3">
              <value>
                <![CDATA[1234567890123450]]>
              </value>
            </param>
            <param index="4">
              <value>
                <![CDATA[VISA]]>
              </value>
            </param>
            <param index="5">
              <value>
                <![CDATA[May]]>
              </value>
            </param>
            <param index="6">
              <value>
                <![CDATA[ ]]>
              </value>
            </param>
            <param index="7">
              <value>
                <![CDATA[123]]>
              </value>
            </param>
            <param index="8">
              <value>
                <![CDATA[negative_book]]>
              </value>
            </param>
            <param index="9">
              <value>
                <![CDATA[Please Select your Credit Card Expiry Year]]>
              </value>
            </param>
          </params>
          <reporter-output>
          </reporter-output>
        </test-method> <!-- BookHotelTest -->
        <test-method is-config="true" signature="browserClose()[pri:0, instance:test.TC_005_BookHotelTest@7bba5817]" started-at="2024-12-30T02:41:38 IST" name="browserClose" finished-at="2024-12-30T02:41:38 IST" duration-ms="164" status="PASS">
          <reporter-output>
          </reporter-output>
        </test-method> <!-- browserClose -->
        <test-method is-config="true" signature="launchAndLoadURL(java.lang.String,java.lang.String)[pri:0, instance:test.TC_005_BookHotelTest@7bba5817]" started-at="2024-12-30T02:41:38 IST" name="launchAndLoadURL" finished-at="2024-12-30T02:41:45 IST" duration-ms="6621" status="PASS">
          <params>
            <param index="0">
              <value>
                <![CDATA[https://adactinhotelapp.com/HotelAppBuild2/index.php]]>
              </value>
            </param>
            <param index="1">
              <value>
                <![CDATA[Chrome]]>
              </value>
            </param>
          </params>
          <reporter-output>
          </reporter-output>
        </test-method> <!-- launchAndLoadURL -->
        <test-method signature="BookHotelTest(java.lang.String,java.lang.String,java.lang.String,java.lang.String,java.lang.String,java.lang.String,java.lang.String,java.lang.String,java.lang.String,java.lang.String)[pri:0, instance:test.TC_005_BookHotelTest@7bba5817]" started-at="2024-12-30T02:41:45 IST" name="BookHotelTest" data-provider="excelRead" finished-at="2024-12-30T02:41:59 IST" duration-ms="14372" status="PASS">
          <params>
            <param index="0">
              <value>
                <![CDATA[Ezhil]]>
              </value>
            </param>
            <param index="1">
              <value>
                <![CDATA[Parivallal]]>
              </value>
            </param>
            <param index="2">
              <value>
                <![CDATA[5A, RC Street, Tirupur Road, Dharapuram - 638656]]>
              </value>
            </param>
            <param index="3">
              <value>
                <![CDATA[1234567890123450]]>
              </value>
            </param>
            <param index="4">
              <value>
                <![CDATA[VISA]]>
              </value>
            </param>
            <param index="5">
              <value>
                <![CDATA[May]]>
              </value>
            </param>
            <param index="6">
              <value>
                <![CDATA[2030]]>
              </value>
            </param>
            <param index="7">
              <value>
                <![CDATA[ ]]>
              </value>
            </param>
            <param index="8">
              <value>
                <![CDATA[negative_book]]>
              </value>
            </param>
            <param index="9">
              <value>
                <![CDATA[Please Enter your Credit Card CVV Number]]>
              </value>
            </param>
          </params>
          <reporter-output>
          </reporter-output>
        </test-method> <!-- BookHotelTest -->
        <test-method is-config="true" signature="browserClose()[pri:0, instance:test.TC_005_BookHotelTest@7bba5817]" started-at="2024-12-30T02:41:59 IST" name="browserClose" finished-at="2024-12-30T02:41:59 IST" duration-ms="206" status="PASS">
          <reporter-output>
          </reporter-output>
        </test-method> <!-- browserClose -->
        <test-method is-config="true" signature="launchAndLoadURL(java.lang.String,java.lang.String)[pri:0, instance:test.TC_005_BookHotelTest@7bba5817]" started-at="2024-12-30T02:41:59 IST" name="launchAndLoadURL" finished-at="2024-12-30T02:42:05 IST" duration-ms="5458" status="PASS">
          <params>
            <param index="0">
              <value>
                <![CDATA[https://adactinhotelapp.com/HotelAppBuild2/index.php]]>
              </value>
            </param>
            <param index="1">
              <value>
                <![CDATA[Chrome]]>
              </value>
            </param>
          </params>
          <reporter-output>
          </reporter-output>
        </test-method> <!-- launchAndLoadURL -->
        <test-method signature="BookHotelTest(java.lang.String,java.lang.String,java.lang.String,java.lang.String,java.lang.String,java.lang.String,java.lang.String,java.lang.String,java.lang.String,java.lang.String)[pri:0, instance:test.TC_005_BookHotelTest@7bba5817]" started-at="2024-12-30T02:42:05 IST" name="BookHotelTest" data-provider="excelRead" finished-at="2024-12-30T02:42:20 IST" duration-ms="15012" status="PASS">
          <params>
            <param index="0">
              <value>
                <![CDATA[Ezhil]]>
              </value>
            </param>
            <param index="1">
              <value>
                <![CDATA[Parivallal]]>
              </value>
            </param>
            <param index="2">
              <value>
                <![CDATA[5A, RC Street, Tirupur Road, Dharapuram - 638656]]>
              </value>
            </param>
            <param index="3">
              <value>
                <![CDATA[123456789012345]]>
              </value>
            </param>
            <param index="4">
              <value>
                <![CDATA[VISA]]>
              </value>
            </param>
            <param index="5">
              <value>
                <![CDATA[May]]>
              </value>
            </param>
            <param index="6">
              <value>
                <![CDATA[2030]]>
              </value>
            </param>
            <param index="7">
              <value>
                <![CDATA[123]]>
              </value>
            </param>
            <param index="8">
              <value>
                <![CDATA[negative_book]]>
              </value>
            </param>
            <param index="9">
              <value>
                <![CDATA[Please Enter your 16 Digit Credit Card Number]]>
              </value>
            </param>
          </params>
          <reporter-output>
          </reporter-output>
        </test-method> <!-- BookHotelTest -->
        <test-method is-config="true" signature="browserClose()[pri:0, instance:test.TC_005_BookHotelTest@7bba5817]" started-at="2024-12-30T02:42:20 IST" name="browserClose" finished-at="2024-12-30T02:42:20 IST" duration-ms="174" status="PASS">
          <reporter-output>
          </reporter-output>
        </test-method> <!-- browserClose -->
      </class> <!-- test.TC_005_BookHotelTest -->
    </test> <!-- Test -->
  </suite> <!-- Suite -->
</testng-results>
